<?xml version="1.0" encoding="UTF-8"?>
<!-- Generated by org.testng.reporters.JUnitXMLReporter -->
<testsuite ignored="5" hostname="LAPTOP-E1SIFGJG" failures="0" tests="3" name="Default test" time="23.81" errors="0" timestamp="2022-03-29T23:05:15 EDT">
  <testcase classname="homeWorkSelenium.HW_16_03172021" name="titleTest" time="0.04"/>
  <testcase classname="homeWorkSelenium.HW_16_03172021" name="getTextTest" time="0.035"/>
  <testcase classname="homeWorkSelenium.HW_16_03172021" name="userIdTest" time="17.461"/>
  <testcase classname="homeWorkSelenium.HW_16_03172021" name="checkBoxEnabledTest01" time="0.0">
    <ignored/>
  </testcase> <!-- checkBoxEnabledTest01 -->
  <testcase classname="homeWorkSelenium.HW_16_03172021" name="loginButtonTest" time="0.0">
    <ignored/>
  </testcase> <!-- loginButtonTest -->
  <testcase classname="homeWorkSelenium.HW_16_03172021" name="currentURLTest" time="0.0">
    <ignored/>
  </testcase> <!-- currentURLTest -->
  <testcase classname="homeWorkSelenium.HW_16_03172021" name="getAttributeTest" time="0.0">
    <ignored/>
  </testcase> <!-- getAttributeTest -->
  <testcase classname="homeWorkSelenium.HW_16_03172021" name="logoTest" time="0.0">
    <ignored/>
  </testcase> <!-- logoTest -->
</testsuite> <!-- Default test -->
